<?xml version="1.0" encoding="UTF-8"?>
<!-- Generated by org.testng.reporters.JUnitReportReporter -->
<testsuite hostname="qualitest-docker" failures="0" tests="10" name="BasicExercisesTestNG.NewRemoteTest" time="22.170" errors="0" timestamp="30 Oct 2018 15:02:04 GMT" skipped="1">
  <testcase classname="BasicExercisesTestNG.NewRemoteTest" name="testLogin" time="2.334"/>
  <testcase classname="BasicExercisesTestNG.NewRemoteTest" name="testDropDown" time="1.894"/>
  <testcase classname="BasicExercisesTestNG.NewRemoteTest" name="testRadioButton" time="0.294"/>
  <testcase classname="BasicExercisesTestNG.NewRemoteTest" name="testWebTables" time="0.453"/>
  <testcase classname="BasicExercisesTestNG.NewRemoteTest" name="testDynamicWait" time="5.311"/>
  <testcase classname="BasicExercisesTestNG.NewRemoteTest" name="testAlerts" time="0.430"/>
  <testcase classname="BasicExercisesTestNG.NewRemoteTest" name="testWindows" time="0.455"/>
  <testcase classname="BasicExercisesTestNG.NewRemoteTest" name="testWaitForHiddenObject" time="5.227"/>
  <testcase classname="BasicExercisesTestNG.NewRemoteTest" name="testWaitForTextAttribute" time="5.772"/>
  <testcase classname="BasicExercisesTestNG.NewRemoteTest" name="testFileUpload">
    <skipped/>
  </testcase> <!-- testFileUpload -->
</testsuite> <!-- BasicExercisesTestNG.NewRemoteTest -->
