<?xml version="1.0" encoding="UTF-8"?>
<!-- Generated by org.testng.reporters.JUnitReportReporter -->
<testsuite skipped="1" hostname="DESKTOP-IJELQFM" name="test.java.NewRemoteFFTest" tests="10" failures="0" timestamp="13 Nov 2018 20:21:31 GMT" time="30.366" errors="0">
  <testcase name="testLogin" time="2.955" classname="test.java.NewRemoteFFTest"/>
  <testcase name="testDropDown" time="0.744" classname="test.java.NewRemoteFFTest"/>
  <testcase name="testRadioButton" time="0.648" classname="test.java.NewRemoteFFTest"/>
  <testcase name="testWebTables" time="0.446" classname="test.java.NewRemoteFFTest"/>
  <testcase name="testDynamicWait" time="5.444" classname="test.java.NewRemoteFFTest"/>
  <testcase name="testAlerts" time="0.417" classname="test.java.NewRemoteFFTest"/>
  <testcase name="testWindows" time="7.536" classname="test.java.NewRemoteFFTest"/>
  <testcase name="testWaitForHiddenObject" time="5.807" classname="test.java.NewRemoteFFTest"/>
  <testcase name="testWaitForTextAttribute" time="6.369" classname="test.java.NewRemoteFFTest"/>
  <testcase name="testFileUpload" classname="test.java.NewRemoteFFTest">
    <skipped/>
  </testcase> <!-- testFileUpload -->
</testsuite> <!-- test.java.NewRemoteFFTest -->
