<?xml version="1.0" encoding="UTF-8"?>
<!-- Generated by org.testng.reporters.JUnitReportReporter -->
<testsuite skipped="10" hostname="DESKTOP-IJELQFM" name="BasicExercisesTestNG.NewRemoteTestFF" tests="10" failures="0" timestamp="29 Oct 2018 20:54:37 GMT" time="0.000" errors="0">
  <testcase name="testLogin" time="0.000" classname="BasicExercisesTestNG.NewRemoteTestFF">
    <skipped/>
  </testcase> <!-- testLogin -->
  <testcase name="testDropDown" time="0.000" classname="BasicExercisesTestNG.NewRemoteTestFF">
    <skipped/>
  </testcase> <!-- testDropDown -->
  <testcase name="testRadioButton" time="0.000" classname="BasicExercisesTestNG.NewRemoteTestFF">
    <skipped/>
  </testcase> <!-- testRadioButton -->
  <testcase name="testWebTables" time="0.000" classname="BasicExercisesTestNG.NewRemoteTestFF">
    <skipped/>
  </testcase> <!-- testWebTables -->
  <testcase name="testDynamicWait" time="0.000" classname="BasicExercisesTestNG.NewRemoteTestFF">
    <skipped/>
  </testcase> <!-- testDynamicWait -->
  <testcase name="testAlerts" time="0.000" classname="BasicExercisesTestNG.NewRemoteTestFF">
    <skipped/>
  </testcase> <!-- testAlerts -->
  <testcase name="testWindows" time="0.000" classname="BasicExercisesTestNG.NewRemoteTestFF">
    <skipped/>
  </testcase> <!-- testWindows -->
  <testcase name="testWaitForHiddenObject" time="0.000" classname="BasicExercisesTestNG.NewRemoteTestFF">
    <skipped/>
  </testcase> <!-- testWaitForHiddenObject -->
  <testcase name="testWaitForTextAttribute" time="0.000" classname="BasicExercisesTestNG.NewRemoteTestFF">
    <skipped/>
  </testcase> <!-- testWaitForTextAttribute -->
  <testcase name="testFileUpload" classname="BasicExercisesTestNG.NewRemoteTestFF">
    <skipped/>
  </testcase> <!-- testFileUpload -->
</testsuite> <!-- BasicExercisesTestNG.NewRemoteTestFF -->
