<?xml version="1.0" encoding="UTF-8"?>
<!-- Generated by org.testng.reporters.JUnitReportReporter -->
<testsuite hostname="qualitest-docker" failures="0" tests="10" name="BasicExercisesTestNG.NewRemoteTestFF" time="31.624" errors="0" timestamp="30 Oct 2018 15:02:04 GMT" skipped="1">
  <testcase classname="BasicExercisesTestNG.NewRemoteTestFF" name="testLogin" time="5.022"/>
  <testcase classname="BasicExercisesTestNG.NewRemoteTestFF" name="testDropDown" time="1.081"/>
  <testcase classname="BasicExercisesTestNG.NewRemoteTestFF" name="testRadioButton" time="0.639"/>
  <testcase classname="BasicExercisesTestNG.NewRemoteTestFF" name="testWebTables" time="0.285"/>
  <testcase classname="BasicExercisesTestNG.NewRemoteTestFF" name="testDynamicWait" time="5.577"/>
  <testcase classname="BasicExercisesTestNG.NewRemoteTestFF" name="testAlerts" time="0.297"/>
  <testcase classname="BasicExercisesTestNG.NewRemoteTestFF" name="testWindows" time="6.463"/>
  <testcase classname="BasicExercisesTestNG.NewRemoteTestFF" name="testWaitForHiddenObject" time="5.419"/>
  <testcase classname="BasicExercisesTestNG.NewRemoteTestFF" name="testWaitForTextAttribute" time="6.841"/>
  <testcase classname="BasicExercisesTestNG.NewRemoteTestFF" name="testFileUpload">
    <skipped/>
  </testcase> <!-- testFileUpload -->
</testsuite> <!-- BasicExercisesTestNG.NewRemoteTestFF -->
