<?xml version="1.0" encoding="UTF-8"?>
<!-- Generated by org.testng.reporters.JUnitReportReporter -->
<testsuite skipped="0" hostname="FSL-PC" name="BasicExercisesTestNG.NewTest" tests="10" failures="0" timestamp="14 Sep 2018 19:57:41 GMT" time="20.765" errors="0">
  <testcase name="testLogin" time="1.215" classname="BasicExercisesTestNG.NewTest"/>
  <testcase name="testDropDown" time="0.663" classname="BasicExercisesTestNG.NewTest"/>
  <testcase name="testRadioButton" time="0.366" classname="BasicExercisesTestNG.NewTest"/>
  <testcase name="testWebTables" time="0.499" classname="BasicExercisesTestNG.NewTest"/>
  <testcase name="testDynamicWait" time="5.377" classname="BasicExercisesTestNG.NewTest"/>
  <testcase name="testAlerts" time="0.225" classname="BasicExercisesTestNG.NewTest"/>
  <testcase name="testWindows" time="1.386" classname="BasicExercisesTestNG.NewTest"/>
  <testcase name="testFileUpload" time="0.390" classname="BasicExercisesTestNG.NewTest"/>
  <testcase name="testWaitForHiddenObject" time="5.236" classname="BasicExercisesTestNG.NewTest"/>
  <testcase name="testWaitForTextAttribute" time="5.408" classname="BasicExercisesTestNG.NewTest"/>
</testsuite> <!-- BasicExercisesTestNG.NewTest -->
