<?xml version="1.0" encoding="UTF-8"?>
<!-- Generated by org.testng.reporters.JUnitReportReporter -->
<testsuite skipped="1" hostname="DESKTOP-IJELQFM" name="test.java.NewRemoteTest" tests="10" failures="0" timestamp="13 Nov 2018 20:21:31 GMT" time="20.758" errors="0">
  <testcase name="testLogin" time="1.319" classname="test.java.NewRemoteTest"/>
  <testcase name="testDropDown" time="0.643" classname="test.java.NewRemoteTest"/>
  <testcase name="testRadioButton" time="0.378" classname="test.java.NewRemoteTest"/>
  <testcase name="testWebTables" time="0.458" classname="test.java.NewRemoteTest"/>
  <testcase name="testDynamicWait" time="5.790" classname="test.java.NewRemoteTest"/>
  <testcase name="testAlerts" time="0.352" classname="test.java.NewRemoteTest"/>
  <testcase name="testWindows" time="0.619" classname="test.java.NewRemoteTest"/>
  <testcase name="testWaitForHiddenObject" time="5.349" classname="test.java.NewRemoteTest"/>
  <testcase name="testWaitForTextAttribute" time="5.850" classname="test.java.NewRemoteTest"/>
  <testcase name="testFileUpload" classname="test.java.NewRemoteTest">
    <skipped/>
  </testcase> <!-- testFileUpload -->
</testsuite> <!-- test.java.NewRemoteTest -->
